<?xml version="1.0" encoding="UTF-8"?>
<robot generator="Robot 4.1.3 (Python 3.8.10 on linux)" generated="20220301 01:27:21.271" rpa="false" schemaversion="2">
<suite id="s1" name="Dbtesting" source="/root/first_tests/dbtesting.robot">
<kw name="Connect To Database" library="DatabaseLibrary" type="SETUP">
<arg>psycopg2</arg>
<arg>${DBname}</arg>
<arg>${DBuser}</arg>
<arg>${DBpass}</arg>
<arg>${DBhost}</arg>
<arg>${DBport}</arg>
<doc>Loads the DB API 2.0 module given `dbapiModuleName` then uses it to
connect to the database using `dbName`, `dbUsername`, and `dbPassword`.</doc>
<msg timestamp="20220301 01:27:21.369" level="INFO">Connecting using : psycopg2.connect(database=db_robot, user=postgres, password=1234, host=172.17.0.2, port=5432) </msg>
<status status="PASS" starttime="20220301 01:27:21.344" endtime="20220301 01:27:21.381"/>
</kw>
<test id="s1-t1" name="Create person table">
<kw name="Execute Sql String" library="DatabaseLibrary">
<var>${output}</var>
<arg>Create table if not exists person( id integer, first_name varchar(20), last_name varchar(20) );</arg>
<doc>Executes the sqlString as SQL commands. Useful to pass arguments to your sql. Set optional input `sansTran` to
True to run command without an explicit transaction commit or rollback.</doc>
<msg timestamp="20220301 01:27:21.385" level="INFO">Executing : Execute SQL String  |  Create table if not exists person( id integer, first_name varchar(20), last_name varchar(20) ); </msg>
<msg timestamp="20220301 01:27:21.387" level="INFO">${output} = None</msg>
<status status="PASS" starttime="20220301 01:27:21.384" endtime="20220301 01:27:21.387"/>
</kw>
<kw name="Log To Console" library="BuiltIn">
<arg>${output}</arg>
<doc>Logs the given message to the console.</doc>
<status status="PASS" starttime="20220301 01:27:21.388" endtime="20220301 01:27:21.390"/>
</kw>
<kw name="Should Be Equal As Strings" library="BuiltIn">
<arg>${output}</arg>
<arg>None</arg>
<doc>Fails if objects are unequal after converting them to strings.</doc>
<msg timestamp="20220301 01:27:21.392" level="INFO">Argument types are:
&lt;class 'NoneType'&gt;
&lt;type 'unicode'&gt;</msg>
<status status="PASS" starttime="20220301 01:27:21.391" endtime="20220301 01:27:21.393"/>
</kw>
<status status="PASS" starttime="20220301 01:27:21.382" endtime="20220301 01:27:21.393"/>
</test>
<kw name="Disconnect From Database" library="DatabaseLibrary" type="TEARDOWN">
<doc>Disconnects from the database.</doc>
<msg timestamp="20220301 01:27:21.397" level="INFO">Executing : Disconnect From Database</msg>
<status status="PASS" starttime="20220301 01:27:21.396" endtime="20220301 01:27:21.397"/>
</kw>
<status status="PASS" starttime="20220301 01:27:21.273" endtime="20220301 01:27:21.397"/>
</suite>
<statistics>
<total>
<stat pass="1" fail="0" skip="0">All Tests</stat>
</total>
<tag>
</tag>
<suite>
<stat pass="1" fail="0" skip="0" id="s1" name="Dbtesting">Dbtesting</stat>
</suite>
</statistics>
<errors>
</errors>
</robot>
