<?xml version="1.0" encoding="UTF-8"?>
<robot generator="Robot 4.1.3 (Python 3.8.10 on linux)" generated="20220311 23:22:19.249" rpa="false" schemaversion="2">
<suite id="s1" name="Webtesting" source="/root/first_tests/automatic_database_testing/webtesting.robot">
<test id="s1-t1" name="LoginTest">
<kw name="Open Browser" library="SeleniumLibrary">
<arg>${url}</arg>
<arg>${browser}</arg>
<doc>Opens a new browser instance to the optional ``url``.</doc>
<msg timestamp="20220311 23:22:19.823" level="INFO">Opening browser 'ff' to base url 'https://demo.nopcommerce.com/'.</msg>
<msg timestamp="20220311 23:22:19.828" level="INFO">Firefox driver log is always forced to to: /root/first_tests/automatic_database_testing/geckodriver-6.log</msg>
<msg timestamp="20220311 23:22:20.366" level="INFO">Cannot capture screenshot because no browser is open.</msg>
<msg timestamp="20220311 23:22:20.378" level="FAIL">SessionNotCreatedException: Message: Expected browser binary location, but unable to find binary in default location, no 'moz:firefoxOptions.binary' capability provided, and no binary flag set on the command line
</msg>
<status status="FAIL" starttime="20220311 23:22:19.822" endtime="20220311 23:22:20.378"/>
</kw>
<kw name="login_to_application">
<status status="NOT RUN" starttime="20220311 23:22:20.380" endtime="20220311 23:22:20.380"/>
</kw>
<kw name="Close Browser" library="SeleniumLibrary">
<doc>Closes the current browser.</doc>
<status status="NOT RUN" starttime="20220311 23:22:20.381" endtime="20220311 23:22:20.381"/>
</kw>
<status status="FAIL" starttime="20220311 23:22:19.819" endtime="20220311 23:22:20.383">SessionNotCreatedException: Message: Expected browser binary location, but unable to find binary in default location, no 'moz:firefoxOptions.binary' capability provided, and no binary flag set on the command line
</status>
</test>
<status status="FAIL" starttime="20220311 23:22:19.251" endtime="20220311 23:22:20.387"/>
</suite>
<statistics>
<total>
<stat pass="0" fail="1" skip="0">All Tests</stat>
</total>
<tag>
</tag>
<suite>
<stat pass="0" fail="1" skip="0" id="s1" name="Webtesting">Webtesting</stat>
</suite>
</statistics>
<errors>
</errors>
</robot>
